<?xml version="1.0" encoding="UTF-8"?>
<!-- Generated by org.testng.reporters.JUnitReportReporter -->
<testsuite hostname="LN0C5772E6454B" name="FactoryPatternTest" tests="3" failures="0" timestamp="1 Jul 2018 07:34:15 GMT" time="73.653" errors="0">
  <testcase name="launchTestAutomationGuruTest" time="12.186" classname="FactoryPatternTest"/>
  <testcase name="launchYahooTest" time="52.377" classname="FactoryPatternTest"/>
  <testcase name="launchGoogleTest" time="9.090" classname="FactoryPatternTest"/>
</testsuite> <!-- FactoryPatternTest -->
